生成启动时间为 2022/8/4 11:28:37。
     1>项目“D:\Cyuyan\202283\202283\202283.vcxproj”在节点 2 上(build 个目标)。
     1>PrepareForBuild:
         正在创建目录“D:\Cyuyan\202283\Debug\”。
       InitializeBuildStatus:
         正在创建“Debug\202283.unsuccessfulbuild”，因为已指定“AlwaysCreate”。
       ClCompile:
         e:\vs2010zhuang\VC\bin\CL.exe /c /ZI /nologo /W3 /WX- /Od /Oy- /D WIN32 /D _DEBUG /D _CONSOLE /D _UNICODE /D UNICODE /Gm /EHsc /RTC1 /MDd /GS /fp:precise /Zc:wchar_t /Zc:forScope /Fo"Debug\\" /Fd"Debug\vc100.pdb" /Gd /TP /analyze- /errorReport:prompt 202283.cpp
         202283.cpp
     1>d:\cyuyan\202283\202283\202283.cpp(65): warning C4244: “参数”: 从“time_t”转换到“unsigned int”，可能丢失数据
       ManifestResourceCompile:
         C:\Program Files (x86)\Microsoft SDKs\Windows\v7.0A\bin\rc.exe /nologo /fo"Debug\202283.exe.embed.manifest.res" Debug\202283_manifest.rc 
       Link:
         e:\vs2010zhuang\VC\bin\link.exe /ERRORREPORT:PROMPT /OUT:"D:\Cyuyan\202283\Debug\202283.exe" /INCREMENTAL /NOLOGO kernel32.lib user32.lib gdi32.lib winspool.lib comdlg32.lib advapi32.lib shell32.lib ole32.lib oleaut32.lib uuid.lib odbc32.lib odbccp32.lib /MANIFEST /ManifestFile:"Debug\202283.exe.intermediate.manifest" /MANIFESTUAC:"level='asInvoker' uiAccess='false'" /DEBUG /PDB:"D:\Cyuyan\202283\Debug\202283.pdb" /SUBSYSTEM:CONSOLE /TLBID:1 /DYNAMICBASE /NXCOMPAT /IMPLIB:"D:\Cyuyan\202283\Debug\202283.lib" /MACHINE:X86 Debug\202283.exe.embed.manifest.res
         Debug\202283.obj
       Manifest:
         C:\Program Files (x86)\Microsoft SDKs\Windows\v7.0A\bin\mt.exe /nologo /verbose /out:"Debug\202283.exe.embed.manifest" /manifest Debug\202283.exe.intermediate.manifest
         C:\Program Files (x86)\Microsoft SDKs\Windows\v7.0A\bin\rc.exe /nologo /fo"Debug\202283.exe.embed.manifest.res" Debug\202283_manifest.rc 
       LinkEmbedManifest:
         e:\vs2010zhuang\VC\bin\link.exe /ERRORREPORT:PROMPT /OUT:"D:\Cyuyan\202283\Debug\202283.exe" /INCREMENTAL /NOLOGO kernel32.lib user32.lib gdi32.lib winspool.lib comdlg32.lib advapi32.lib shell32.lib ole32.lib oleaut32.lib uuid.lib odbc32.lib odbccp32.lib /MANIFEST /ManifestFile:"Debug\202283.exe.intermediate.manifest" /MANIFESTUAC:"level='asInvoker' uiAccess='false'" /DEBUG /PDB:"D:\Cyuyan\202283\Debug\202283.pdb" /SUBSYSTEM:CONSOLE /TLBID:1 /DYNAMICBASE /NXCOMPAT /IMPLIB:"D:\Cyuyan\202283\Debug\202283.lib" /MACHINE:X86 Debug\202283.exe.embed.manifest.res
         Debug\202283.obj
         202283.vcxproj -> D:\Cyuyan\202283\Debug\202283.exe
       FinalizeBuildStatus:
         正在删除文件“Debug\202283.unsuccessfulbuild”。
         正在对“Debug\202283.lastbuildstate”执行 Touch 任务。
     1>已完成生成项目“D:\Cyuyan\202283\202283\202283.vcxproj”(build 个目标)的操作。

生成成功。

已用时间 00:00:01.20
